<?xml version="1.0" encoding="UTF-8"?>
<!-- Generated by org.testng.reporters.JUnitXMLReporter -->
<testsuite ignored="0" hostname="DESKTOP-19TRVAU" failures="1" tests="2" name="TestNG-Practice" time="9.776" errors="0" timestamp="2023-10-05T11:17:59 IST">
  <testcase classname="com.TestNG.AssertionExample4" name="LogoTest" time="0.076">
    <failure type="java.lang.AssertionError" message="logo displayed on the page  expected [false] but found [true]">
      <![CDATA[java.lang.AssertionError: logo displayed on the page  expected [false] but found [true]
at com.TestNG.AssertionExample4.LogoTest(AssertionExample4.java:26)
at java.base/java.util.ArrayList.forEach(ArrayList.java:1541)
at com.intellij.rt.testng.IDEARemoteTestNG.run(IDEARemoteTestNG.java:66)
at com.intellij.rt.testng.RemoteTestNGStarter.main(RemoteTestNGStarter.java:105)
... Removed 27 stack frames]]>
    </failure>
  </testcase> <!-- LogoTest -->
  <testcase classname="com.TestNG.AssertionExample4" name="homepageTitle" time="0.013"/>
</testsuite> <!-- TestNG-Practice -->
